ERROR 2026-06-10 03:30:12,310 basehttp 15300 3952 You're accessing the development server over HTTPS, but it only supports HTTP.
ERROR 2026-06-10 03:30:12,316 basehttp 15300 36904 You're accessing the development server over HTTPS, but it only supports HTTP.
ERROR 2026-06-10 03:30:16,534 basehttp 15300 23708 You're accessing the development server over HTTPS, but it only supports HTTP.
ERROR 2026-06-10 03:30:16,541 basehttp 15300 7144 You're accessing the development server over HTTPS, but it only supports HTTP.
ERROR 2026-06-10 03:30:16,566 basehttp 15300 10860 You're accessing the development server over HTTPS, but it only supports HTTP.
ERROR 2026-06-10 03:30:16,566 basehttp 15300 23520 You're accessing the development server over HTTPS, but it only supports HTTP.
ERROR 2026-06-10 03:30:16,579 basehttp 15300 22556 You're accessing the development server over HTTPS, but it only supports HTTP.
ERROR 2026-06-10 03:30:16,579 basehttp 15300 30192 You're accessing the development server over HTTPS, but it only supports HTTP.
ERROR 2026-06-10 03:30:16,583 basehttp 15300 25956 You're accessing the development server over HTTPS, but it only supports HTTP.
ERROR 2026-06-10 03:30:16,586 basehttp 15300 23092 You're accessing the development server over HTTPS, but it only supports HTTP.
ERROR 2026-06-10 03:30:36,265 basehttp 15300 24348 You're accessing the development server over HTTPS, but it only supports HTTP.
ERROR 2026-06-10 03:30:36,267 basehttp 15300 4276 You're accessing the development server over HTTPS, but it only supports HTTP.
ERROR 2026-06-10 03:30:36,291 basehttp 15300 25584 You're accessing the development server over HTTPS, but it only supports HTTP.
ERROR 2026-06-10 03:30:36,294 basehttp 15300 11076 You're accessing the development server over HTTPS, but it only supports HTTP.
ERROR 2026-06-10 03:30:36,303 basehttp 15300 34932 You're accessing the development server over HTTPS, but it only supports HTTP.
ERROR 2026-06-10 03:30:36,303 basehttp 15300 10932 You're accessing the development server over HTTPS, but it only supports HTTP.
ERROR 2026-06-10 03:30:36,312 basehttp 15300 10100 You're accessing the development server over HTTPS, but it only supports HTTP.
ERROR 2026-06-10 03:30:36,312 basehttp 15300 4032 You're accessing the development server over HTTPS, but it only supports HTTP.
ERROR 2026-06-10 03:41:41,818 basehttp 27436 31992 You're accessing the development server over HTTPS, but it only supports HTTP.
ERROR 2026-06-10 03:41:41,820 basehttp 27436 31376 You're accessing the development server over HTTPS, but it only supports HTTP.
ERROR 2026-06-10 03:41:45,681 basehttp 27436 33200 You're accessing the development server over HTTPS, but it only supports HTTP.
ERROR 2026-06-10 03:41:45,681 basehttp 27436 36064 You're accessing the development server over HTTPS, but it only supports HTTP.
ERROR 2026-06-10 03:41:45,685 basehttp 27436 8848 You're accessing the development server over HTTPS, but it only supports HTTP.
ERROR 2026-06-10 03:41:45,687 basehttp 27436 25816 You're accessing the development server over HTTPS, but it only supports HTTP.
ERROR 2026-06-10 13:53:20,270 basehttp 2332 16524 You're accessing the development server over HTTPS, but it only supports HTTP.
ERROR 2026-06-10 13:53:20,275 basehttp 2332 37016 You're accessing the development server over HTTPS, but it only supports HTTP.
ERROR 2026-06-10 13:53:22,084 basehttp 2332 36900 You're accessing the development server over HTTPS, but it only supports HTTP.
ERROR 2026-06-10 13:53:22,087 basehttp 2332 3544 You're accessing the development server over HTTPS, but it only supports HTTP.
ERROR 2026-06-10 13:53:22,103 basehttp 2332 11928 You're accessing the development server over HTTPS, but it only supports HTTP.
ERROR 2026-06-10 13:53:22,107 basehttp 2332 14916 You're accessing the development server over HTTPS, but it only supports HTTP.
ERROR 2026-06-10 13:53:22,117 basehttp 2332 36652 You're accessing the development server over HTTPS, but it only supports HTTP.
ERROR 2026-06-10 13:53:22,117 basehttp 2332 17764 You're accessing the development server over HTTPS, but it only supports HTTP.
ERROR 2026-06-10 13:53:22,121 basehttp 2332 29428 You're accessing the development server over HTTPS, but it only supports HTTP.
ERROR 2026-06-10 13:53:22,121 basehttp 2332 2800 You're accessing the development server over HTTPS, but it only supports HTTP.
ERROR 2026-06-10 14:04:35,329 basehttp 30768 24572 You're accessing the development server over HTTPS, but it only supports HTTP.
ERROR 2026-06-10 14:04:35,336 basehttp 30768 4836 You're accessing the development server over HTTPS, but it only supports HTTP.
ERROR 2026-06-10 14:04:36,858 basehttp 30768 26112 You're accessing the development server over HTTPS, but it only supports HTTP.
ERROR 2026-06-10 14:04:36,858 basehttp 30768 15016 You're accessing the development server over HTTPS, but it only supports HTTP.
ERROR 2026-06-10 14:04:36,883 basehttp 30768 7408 You're accessing the development server over HTTPS, but it only supports HTTP.
ERROR 2026-06-10 14:04:36,887 basehttp 30768 15812 You're accessing the development server over HTTPS, but it only supports HTTP.
ERROR 2026-06-10 14:04:36,889 basehttp 30768 4868 You're accessing the development server over HTTPS, but it only supports HTTP.
ERROR 2026-06-10 14:04:36,891 basehttp 30768 19568 You're accessing the development server over HTTPS, but it only supports HTTP.
ERROR 2026-06-10 14:04:48,571 basehttp 30768 22080 You're accessing the development server over HTTPS, but it only supports HTTP.
ERROR 2026-06-10 14:04:48,592 basehttp 30768 7300 You're accessing the development server over HTTPS, but it only supports HTTP.
ERROR 2026-06-10 14:04:48,594 basehttp 30768 37532 You're accessing the development server over HTTPS, but it only supports HTTP.
ERROR 2026-06-10 14:04:48,605 basehttp 30768 26556 You're accessing the development server over HTTPS, but it only supports HTTP.
ERROR 2026-06-10 14:05:18,030 basehttp 30768 15248 You're accessing the development server over HTTPS, but it only supports HTTP.
ERROR 2026-06-10 14:05:18,288 basehttp 30768 6324 You're accessing the development server over HTTPS, but it only supports HTTP.
ERROR 2026-06-10 14:05:18,337 basehttp 30768 12520 You're accessing the development server over HTTPS, but it only supports HTTP.
ERROR 2026-06-10 14:05:18,600 basehttp 30768 28836 You're accessing the development server over HTTPS, but it only supports HTTP.
ERROR 2026-06-10 14:07:07,662 basehttp 30768 29224 You're accessing the development server over HTTPS, but it only supports HTTP.
ERROR 2026-06-10 14:07:07,926 basehttp 30768 17896 You're accessing the development server over HTTPS, but it only supports HTTP.
ERROR 2026-06-10 14:07:07,968 basehttp 30768 12848 You're accessing the development server over HTTPS, but it only supports HTTP.
ERROR 2026-06-10 14:07:08,245 basehttp 30768 8136 You're accessing the development server over HTTPS, but it only supports HTTP.
ERROR 2026-06-10 14:07:17,680 basehttp 30768 13320 You're accessing the development server over HTTPS, but it only supports HTTP.
ERROR 2026-06-10 14:07:17,697 basehttp 30768 26780 You're accessing the development server over HTTPS, but it only supports HTTP.
ERROR 2026-06-10 14:07:17,926 basehttp 30768 14600 You're accessing the development server over HTTPS, but it only supports HTTP.
ERROR 2026-06-10 14:07:17,989 basehttp 30768 3532 You're accessing the development server over HTTPS, but it only supports HTTP.
ERROR 2026-06-10 14:07:18,004 basehttp 30768 34924 You're accessing the development server over HTTPS, but it only supports HTTP.
ERROR 2026-06-10 14:07:18,248 basehttp 30768 25316 You're accessing the development server over HTTPS, but it only supports HTTP.
ERROR 2026-06-10 14:07:19,477 basehttp 30768 11236 You're accessing the development server over HTTPS, but it only supports HTTP.
ERROR 2026-06-10 14:07:19,496 basehttp 30768 11668 You're accessing the development server over HTTPS, but it only supports HTTP.
ERROR 2026-06-10 14:07:19,733 basehttp 30768 37592 You're accessing the development server over HTTPS, but it only supports HTTP.
ERROR 2026-06-10 14:07:19,790 basehttp 30768 11188 You're accessing the development server over HTTPS, but it only supports HTTP.
ERROR 2026-06-10 14:07:19,798 basehttp 30768 10896 You're accessing the development server over HTTPS, but it only supports HTTP.
ERROR 2026-06-10 14:07:20,051 basehttp 30768 19184 You're accessing the development server over HTTPS, but it only supports HTTP.
ERROR 2026-06-10 14:08:35,205 basehttp 30768 21296 You're accessing the development server over HTTPS, but it only supports HTTP.
ERROR 2026-06-10 14:08:35,460 basehttp 30768 9092 You're accessing the development server over HTTPS, but it only supports HTTP.
ERROR 2026-06-10 14:08:35,512 basehttp 30768 33180 You're accessing the development server over HTTPS, but it only supports HTTP.
ERROR 2026-06-10 14:08:35,765 basehttp 30768 27612 You're accessing the development server over HTTPS, but it only supports HTTP.
ERROR 2026-06-10 14:08:53,631 basehttp 30768 17868 You're accessing the development server over HTTPS, but it only supports HTTP.
ERROR 2026-06-10 14:08:53,633 basehttp 30768 10148 You're accessing the development server over HTTPS, but it only supports HTTP.
ERROR 2026-06-10 14:08:53,888 basehttp 30768 23704 You're accessing the development server over HTTPS, but it only supports HTTP.
ERROR 2026-06-10 14:08:53,947 basehttp 30768 34044 You're accessing the development server over HTTPS, but it only supports HTTP.
ERROR 2026-06-10 14:08:53,947 basehttp 30768 6464 You're accessing the development server over HTTPS, but it only supports HTTP.
ERROR 2026-06-10 14:08:54,199 basehttp 30768 12184 You're accessing the development server over HTTPS, but it only supports HTTP.
ERROR 2026-06-10 14:51:35,205 basehttp 5436 8176 You're accessing the development server over HTTPS, but it only supports HTTP.
ERROR 2026-06-10 14:51:35,211 basehttp 5436 26516 You're accessing the development server over HTTPS, but it only supports HTTP.
ERROR 2026-06-11 20:16:01,031 log 31632 14132 Internal Server Error: /api/tasks/1/log_time/
Traceback (most recent call last):
  File "C:\Users\G Rudra\OneDrive\Desktop\pms_project\venv\Lib\site-packages\django\core\handlers\exception.py", line 55, in inner
    response = get_response(request)
               ^^^^^^^^^^^^^^^^^^^^^
  File "C:\Users\G Rudra\OneDrive\Desktop\pms_project\venv\Lib\site-packages\django\core\handlers\base.py", line 197, in _get_response
    response = wrapped_callback(request, *callback_args, **callback_kwargs)
               ^^^^^^^^^^^^^^^^^^^^^^^^^^^^^^^^^^^^^^^^^^^^^^^^^^^^^^^^^^^^
  File "C:\Users\G Rudra\OneDrive\Desktop\pms_project\venv\Lib\site-packages\django\views\decorators\csrf.py", line 56, in wrapper_view
    return view_func(*args, **kwargs)
           ^^^^^^^^^^^^^^^^^^^^^^^^^^
  File "C:\Users\G Rudra\OneDrive\Desktop\pms_project\venv\Lib\site-packages\rest_framework\viewsets.py", line 124, in view
    return self.dispatch(request, *args, **kwargs)
           ^^^^^^^^^^^^^^^^^^^^^^^^^^^^^^^^^^^^^^^
  File "C:\Users\G Rudra\OneDrive\Desktop\pms_project\venv\Lib\site-packages\rest_framework\views.py", line 509, in dispatch
    response = self.handle_exception(exc)
               ^^^^^^^^^^^^^^^^^^^^^^^^^^
  File "C:\Users\G Rudra\OneDrive\Desktop\pms_project\venv\Lib\site-packages\rest_framework\views.py", line 469, in handle_exception
    self.raise_uncaught_exception(exc)
  File "C:\Users\G Rudra\OneDrive\Desktop\pms_project\venv\Lib\site-packages\rest_framework\views.py", line 480, in raise_uncaught_exception
    raise exc
  File "C:\Users\G Rudra\OneDrive\Desktop\pms_project\venv\Lib\site-packages\rest_framework\views.py", line 506, in dispatch
    response = handler(request, *args, **kwargs)
               ^^^^^^^^^^^^^^^^^^^^^^^^^^^^^^^^^
  File "C:\Users\G Rudra\OneDrive\Desktop\pms_project\apps\tasks\api.py", line 85, in log_time
    task.actual_hours += hours
TypeError: unsupported operand type(s) for +=: 'decimal.Decimal' and 'float'
ERROR 2026-06-11 20:20:30,939 log 31996 20964 Internal Server Error: /api/calendar/events/
Traceback (most recent call last):
  File "C:\Users\G Rudra\OneDrive\Desktop\pms_project\venv\Lib\site-packages\django\core\handlers\exception.py", line 55, in inner
    response = get_response(request)
               ^^^^^^^^^^^^^^^^^^^^^
  File "C:\Users\G Rudra\OneDrive\Desktop\pms_project\venv\Lib\site-packages\django\core\handlers\base.py", line 197, in _get_response
    response = wrapped_callback(request, *callback_args, **callback_kwargs)
               ^^^^^^^^^^^^^^^^^^^^^^^^^^^^^^^^^^^^^^^^^^^^^^^^^^^^^^^^^^^^
  File "C:\Users\G Rudra\OneDrive\Desktop\pms_project\venv\Lib\site-packages\django\views\decorators\csrf.py", line 56, in wrapper_view
    return view_func(*args, **kwargs)
           ^^^^^^^^^^^^^^^^^^^^^^^^^^
  File "C:\Users\G Rudra\OneDrive\Desktop\pms_project\venv\Lib\site-packages\rest_framework\viewsets.py", line 124, in view
    return self.dispatch(request, *args, **kwargs)
           ^^^^^^^^^^^^^^^^^^^^^^^^^^^^^^^^^^^^^^^
  File "C:\Users\G Rudra\OneDrive\Desktop\pms_project\venv\Lib\site-packages\rest_framework\views.py", line 509, in dispatch
    response = self.handle_exception(exc)
               ^^^^^^^^^^^^^^^^^^^^^^^^^^
  File "C:\Users\G Rudra\OneDrive\Desktop\pms_project\venv\Lib\site-packages\rest_framework\views.py", line 469, in handle_exception
    self.raise_uncaught_exception(exc)
  File "C:\Users\G Rudra\OneDrive\Desktop\pms_project\venv\Lib\site-packages\rest_framework\views.py", line 480, in raise_uncaught_exception
    raise exc
  File "C:\Users\G Rudra\OneDrive\Desktop\pms_project\venv\Lib\site-packages\rest_framework\views.py", line 506, in dispatch
    response = handler(request, *args, **kwargs)
               ^^^^^^^^^^^^^^^^^^^^^^^^^^^^^^^^^
  File "C:\Users\G Rudra\OneDrive\Desktop\pms_project\apps\calendar\api.py", line 33, in list
    for task in tasks:
  File "C:\Users\G Rudra\OneDrive\Desktop\pms_project\venv\Lib\site-packages\django\db\models\query.py", line 398, in __iter__
    self._fetch_all()
  File "C:\Users\G Rudra\OneDrive\Desktop\pms_project\venv\Lib\site-packages\django\db\models\query.py", line 1881, in _fetch_all
    self._result_cache = list(self._iterable_class(self))
                         ^^^^^^^^^^^^^^^^^^^^^^^^^^^^^^^^
  File "C:\Users\G Rudra\OneDrive\Desktop\pms_project\venv\Lib\site-packages\django\db\models\query.py", line 91, in __iter__
    results = compiler.execute_sql(
              ^^^^^^^^^^^^^^^^^^^^^
  File "C:\Users\G Rudra\OneDrive\Desktop\pms_project\venv\Lib\site-packages\django\db\models\sql\compiler.py", line 1549, in execute_sql
    sql, params = self.as_sql()
                  ^^^^^^^^^^^^^
  File "C:\Users\G Rudra\OneDrive\Desktop\pms_project\venv\Lib\site-packages\django\db\models\sql\compiler.py", line 764, in as_sql
    self.compile(self.where) if self.where is not None else ("", [])
    ^^^^^^^^^^^^^^^^^^^^^^^^
  File "C:\Users\G Rudra\OneDrive\Desktop\pms_project\venv\Lib\site-packages\django\db\models\sql\compiler.py", line 546, in compile
    sql, params = node.as_sql(self, self.connection)
                  ^^^^^^^^^^^^^^^^^^^^^^^^^^^^^^^^^^
  File "C:\Users\G Rudra\OneDrive\Desktop\pms_project\venv\Lib\site-packages\django\db\models\sql\where.py", line 145, in as_sql
    sql, params = compiler.compile(child)
                  ^^^^^^^^^^^^^^^^^^^^^^^
  File "C:\Users\G Rudra\OneDrive\Desktop\pms_project\venv\Lib\site-packages\django\db\models\sql\compiler.py", line 546, in compile
    sql, params = node.as_sql(self, self.connection)
                  ^^^^^^^^^^^^^^^^^^^^^^^^^^^^^^^^^^
  File "C:\Users\G Rudra\OneDrive\Desktop\pms_project\venv\Lib\site-packages\django\db\models\lookups.py", line 225, in as_sql
    rhs_sql, rhs_params = self.process_rhs(compiler, connection)
                          ^^^^^^^^^^^^^^^^^^^^^^^^^^^^^^^^^^^^^^
  File "C:\Users\G Rudra\OneDrive\Desktop\pms_project\venv\Lib\site-packages\django\db\models\lookups.py", line 284, in process_rhs
    return self.batch_process_rhs(compiler, connection)
           ^^^^^^^^^^^^^^^^^^^^^^^^^^^^^^^^^^^^^^^^^^^^
  File "C:\Users\G Rudra\OneDrive\Desktop\pms_project\venv\Lib\site-packages\django\db\models\lookups.py", line 297, in batch_process_rhs
    pre_processed = super().batch_process_rhs(compiler, connection, rhs)
                    ^^^^^^^^^^^^^^^^^^^^^^^^^^^^^^^^^^^^^^^^^^^^^^^^^^^^
  File "C:\Users\G Rudra\OneDrive\Desktop\pms_project\venv\Lib\site-packages\django\db\models\lookups.py", line 65, in batch_process_rhs
    _, params = self.get_db_prep_lookup(rhs, connection)
                ^^^^^^^^^^^^^^^^^^^^^^^^^^^^^^^^^^^^^^^^
  File "C:\Users\G Rudra\OneDrive\Desktop\pms_project\venv\Lib\site-packages\django\db\models\lookups.py", line 252, in get_db_prep_lookup
    [get_db_prep_value(v, connection, prepared=True) for v in value]
     ^^^^^^^^^^^^^^^^^^^^^^^^^^^^^^^^^^^^^^^^^^^^^^^
  File "C:\Users\G Rudra\OneDrive\Desktop\pms_project\venv\Lib\site-packages\django\db\models\fields\__init__.py", line 1608, in get_db_prep_value
    return connection.ops.adapt_datetimefield_value(value)
           ^^^^^^^^^^^^^^^^^^^^^^^^^^^^^^^^^^^^^^^^^^^^^^^
  File "C:\Users\G Rudra\OneDrive\Desktop\pms_project\venv\Lib\site-packages\django\db\backends\sqlite3\operations.py", line 273, in adapt_datetimefield_value
    raise ValueError(
ValueError: SQLite backend does not support timezone-aware datetimes when USE_TZ is False.
